<?xml version="1.0" encoding="UTF-8"?>
<coverage generated="1552668892213" clover="3.2.0">
  <project timestamp="1552668892213" name="All files">
    <metrics statements="42" coveredstatements="25" conditionals="4" coveredconditionals="3" methods="13" coveredmethods="5" elements="59" coveredelements="33" complexity="0" loc="42" ncloc="42" packages="2" files="5" classes="5"/>
    <package name="ejercicio_zipper">
      <metrics statements="16" coveredstatements="10" conditionals="2" coveredconditionals="2" methods="2" coveredmethods="1"/>
      <file name="app.js" path="D:\CICE\FullStack\Ejercicios\ejercicio_zipper\app.js">
        <metrics statements="16" coveredstatements="10" conditionals="2" coveredconditionals="2" methods="2" coveredmethods="1"/>
        <line num="1" count="1" type="stmt"/>
        <line num="2" count="1" type="stmt"/>
        <line num="3" count="1" type="stmt"/>
        <line num="4" count="1" type="stmt"/>
        <line num="8" count="0" type="stmt"/>
        <line num="10" count="0" type="stmt"/>
        <line num="12" count="0" type="stmt"/>
        <line num="16" count="0" type="stmt"/>
        <line num="22" count="0" type="stmt"/>
        <line num="25" count="0" type="stmt"/>
        <line num="29" count="3" type="stmt"/>
        <line num="31" count="2" type="cond" truecount="2" falsecount="0"/>
        <line num="32" count="1" type="stmt"/>
        <line num="33" count="1" type="stmt"/>
        <line num="36" count="1" type="stmt"/>
        <line num="39" count="1" type="stmt"/>
      </file>
    </package>
    <package name="ejercicio_zipper.lib">
      <metrics statements="26" coveredstatements="15" conditionals="2" coveredconditionals="1" methods="11" coveredmethods="4"/>
      <file name="archive-generator.js" path="D:\CICE\FullStack\Ejercicios\ejercicio_zipper\lib\archive-generator.js">
        <metrics statements="12" coveredstatements="3" conditionals="0" coveredconditionals="0" methods="5" coveredmethods="0"/>
        <line num="1" count="1" type="stmt"/>
        <line num="2" count="1" type="stmt"/>
        <line num="5" count="0" type="stmt"/>
        <line num="9" count="0" type="stmt"/>
        <line num="10" count="0" type="stmt"/>
        <line num="13" count="0" type="stmt"/>
        <line num="17" count="0" type="stmt"/>
        <line num="20" count="0" type="stmt"/>
        <line num="21" count="0" type="stmt"/>
        <line num="25" count="0" type="stmt"/>
        <line num="27" count="0" type="stmt"/>
        <line num="30" count="1" type="stmt"/>
      </file>
      <file name="output-generator.js" path="D:\CICE\FullStack\Ejercicios\ejercicio_zipper\lib\output-generator.js">
        <metrics statements="5" coveredstatements="3" conditionals="2" coveredconditionals="1" methods="3" coveredmethods="1"/>
        <line num="1" count="2" type="stmt"/>
        <line num="4" count="0" type="stmt"/>
        <line num="6" count="0" type="stmt"/>
        <line num="10" count="1" type="cond" truecount="1" falsecount="1"/>
        <line num="15" count="2" type="stmt"/>
      </file>
      <file name="prompting.js" path="D:\CICE\FullStack\Ejercicios\ejercicio_zipper\lib\prompting.js">
        <metrics statements="5" coveredstatements="5" conditionals="0" coveredconditionals="0" methods="1" coveredmethods="1"/>
        <line num="1" count="2" type="stmt"/>
        <line num="2" count="2" type="stmt"/>
        <line num="5" count="3" type="stmt"/>
        <line num="7" count="2" type="stmt"/>
        <line num="10" count="2" type="stmt"/>
      </file>
      <file name="utils.js" path="D:\CICE\FullStack\Ejercicios\ejercicio_zipper\lib\utils.js">
        <metrics statements="4" coveredstatements="4" conditionals="0" coveredconditionals="0" methods="2" coveredmethods="2"/>
        <line num="2" count="5" type="stmt"/>
        <line num="3" count="3" type="stmt"/>
        <line num="11" count="3" type="stmt"/>
        <line num="15" count="3" type="stmt"/>
      </file>
    </package>
  </project>
</coverage>
