{"C:\\Users\\cice\\Gonzalo\\ejercicio_zipper\\lib\\prompting.js": {"path":"C:\\Users\\cice\\Gonzalo\\ejercicio_zipper\\lib\\prompting.js","statementMap":{"0":{"start":{"line":1,"column":17},"end":{"line":1,"column":36}},"1":{"start":{"line":4,"column":2},"end":{"line":13,"column":5}},"2":{"start":{"line":5,"column":20},"end":{"line":10,"column":5}},"3":{"start":{"line":12,"column":4},"end":{"line":12,"column":19}},"4":{"start":{"line":17,"column":28},"end":{"line":17,"column":55}},"5":{"start":{"line":19,"column":2},"end":{"line":19,"column":44}},"6":{"start":{"line":24,"column":0},"end":{"line":27,"column":2}}},"fnMap":{"0":{"name":"traduceQuestions","decl":{"start":{"line":3,"column":9},"end":{"line":3,"column":25}},"loc":{"start":{"line":3,"column":37},"end":{"line":14,"column":1}},"line":3},"1":{"name":"(anonymous_1)","decl":{"start":{"line":4,"column":23},"end":{"line":4,"column":24}},"loc":{"start":{"line":4,"column":31},"end":{"line":13,"column":3}},"line":4},"2":{"name":"ask","decl":{"start":{"line":16,"column":9},"end":{"line":16,"column":12}},"loc":{"start":{"line":16,"column":24},"end":{"line":20,"column":1}},"line":16},"3":{"name":"start","decl":{"start":{"line":22,"column":9},"end":{"line":22,"column":14}},"loc":{"start":{"line":22,"column":17},"end":{"line":22,"column":19}},"line":22}},"branchMap":{},"s":{"0":1,"1":3,"2":1,"3":1,"4":3,"5":2,"6":1},"f":{"0":3,"1":1,"2":3,"3":0},"b":{},"_coverageSchema":"43e27e138ebf9cfc5966b082cf9a028302ed4184","hash":"5c70243f79fb30dce2bcec66063409f7bbe1fe53"}
}
