TN:
SF:D:\CICE\FullStack\Ejercicios\ejercicio_zipper\app.js
FN:6,askForFilename
FN:28,start
FNF:2
FNH:1
FNDA:0,askForFilename
FNDA:3,start
DA:1,1
DA:2,1
DA:3,1
DA:4,1
DA:8,0
DA:10,0
DA:12,0
DA:16,0
DA:22,0
DA:25,0
DA:29,3
DA:31,2
DA:32,1
DA:33,1
DA:36,1
DA:39,1
LF:16
LH:10
BRDA:31,0,0,1
BRDA:31,0,1,1
BRF:2
BRH:2
end_of_record
TN:
SF:D:\CICE\FullStack\Ejercicios\ejercicio_zipper\lib\archive-generator.js
FN:4,finish
FN:8,addFiles
FN:9,(anonymous_2)
FN:16,generateArchive
FN:20,(anonymous_4)
FNF:5
FNH:0
FNDA:0,finish
FNDA:0,addFiles
FNDA:0,(anonymous_2)
FNDA:0,generateArchive
FNDA:0,(anonymous_4)
DA:1,1
DA:2,1
DA:5,0
DA:9,0
DA:10,0
DA:13,0
DA:17,0
DA:20,0
DA:21,0
DA:25,0
DA:27,0
DA:30,1
LF:12
LH:3
BRF:0
BRH:0
end_of_record
TN:
SF:D:\CICE\FullStack\Ejercicios\ejercicio_zipper\lib\output-generator.js
FN:3,setListeners
FN:4,(anonymous_1)
FN:9,generateOutputStream
FNF:3
FNH:1
FNDA:0,setListeners
FNDA:0,(anonymous_1)
FNDA:1,generateOutputStream
DA:1,2
DA:4,0
DA:6,0
DA:10,1
DA:15,2
LF:5
LH:3
BRDA:10,0,0,1
BRDA:10,0,1,0
BRF:2
BRH:1
end_of_record
TN:
SF:D:\CICE\FullStack\Ejercicios\ejercicio_zipper\lib\prompting.js
FN:4,ask
FNF:1
FNH:1
FNDA:3,ask
DA:1,2
DA:2,2
DA:5,3
DA:7,2
DA:10,2
LF:5
LH:5
BRF:0
BRH:0
end_of_record
TN:
SF:D:\CICE\FullStack\Ejercicios\ejercicio_zipper\lib\utils.js
FN:1,traduceQuestions
FN:2,(anonymous_1)
FNF:2
FNH:2
FNDA:5,traduceQuestions
FNDA:3,(anonymous_1)
DA:2,5
DA:3,3
DA:11,3
DA:15,3
LF:4
LH:4
BRF:0
BRH:0
end_of_record
